<?xml version="1.0" encoding="UTF-8"?>
<!-- Generated by org.testng.reporters.JUnitReportReporter -->
<testsuite hostname="User-PC" failures="0" tests="3" name="testcase.TestRun" time="109.839" errors="0" timestamp="11 Apr 2021 14:32:57 GMT">
  <testcase classname="testcase.TestRun" name="verifyPageTitle" time="2.318"/>
  <testcase classname="testcase.TestRun" name="validate" time="39.856"/>
  <testcase classname="testcase.TestRun" name="Run" time="67.665"/>
</testsuite> <!-- testcase.TestRun -->
